<?xml version="1.0" encoding="UTF-8"?>
<testng-results skipped="0" failed="1" ignored="0" total="4" passed="3">
  <reporter-output>
  </reporter-output>
  <suite name="suite" duration-ms="50437" started-at="2019-10-13T22:43:50Z" finished-at="2019-10-13T22:44:40Z">
    <groups>
    </groups>
    <test name="LastYearOutputTest" duration-ms="50437" started-at="2019-10-13T22:43:50Z" finished-at="2019-10-13T22:44:40Z">
      <class name="tests.LastYearOutputTest">
        <test-method status="PASS" signature="setup()[pri:0, instance:[LastYearOutputTest passed=0 failed=0 skipped=0]]" name="setup" is-config="true" duration-ms="19800" started-at="2019-10-13T22:43:30Z" finished-at="2019-10-13T22:43:50Z">
          <reporter-output>
          </reporter-output>
        </test-method> <!-- setup -->
        <test-method status="PASS" signature="logTest()[pri:0, instance:[LastYearOutputTest passed=0 failed=0 skipped=0]]" name="logTest" is-config="true" duration-ms="0" started-at="2019-10-13T22:43:50Z" finished-at="2019-10-13T22:43:50Z">
          <reporter-output>
          </reporter-output>
        </test-method> <!-- logTest -->
        <test-method status="PASS" signature="handleTestMethodName(java.lang.reflect.Method)[pri:0, instance:[LastYearOutputTest passed=0 failed=0 skipped=0]]" name="handleTestMethodName" is-config="true" duration-ms="11" started-at="2019-10-13T22:43:50Z" finished-at="2019-10-13T22:43:50Z">
          <params>
            <param index="0">
              <value>
                <![CDATA[public void tests.LastYearOutputTest.a_setLanguageEnglTest() throws java.lang.Exception]]>
              </value>
            </param>
          </params>
          <reporter-output>
          </reporter-output>
        </test-method> <!-- handleTestMethodName -->
        <test-method status="PASS" signature="a_setLanguageEnglTest()[pri:0, instance:[LastYearOutputTest passed=0 failed=0 skipped=0]]" name="a_setLanguageEnglTest" duration-ms="12074" started-at="2019-10-13T22:43:50Z" finished-at="2019-10-13T22:44:02Z">
          <reporter-output>
          </reporter-output>
        </test-method> <!-- a_setLanguageEnglTest -->
        <test-method status="PASS" signature="logStop()[pri:0, instance:[LastYearOutputTest passed=0 failed=0 skipped=0]]" name="logStop" is-config="true" duration-ms="4" started-at="2019-10-13T22:44:02Z" finished-at="2019-10-13T22:44:02Z">
          <reporter-output>
          </reporter-output>
        </test-method> <!-- logStop -->
        <test-method status="PASS" signature="handleTestMethodName(java.lang.reflect.Method)[pri:0, instance:[LastYearOutputTest passed=0 failed=0 skipped=0]]" name="handleTestMethodName" is-config="true" duration-ms="10" started-at="2019-10-13T22:44:02Z" finished-at="2019-10-13T22:44:02Z">
          <params>
            <param index="0">
              <value>
                <![CDATA[public void tests.LastYearOutputTest.b_setFilterTest() throws java.lang.Exception]]>
              </value>
            </param>
          </params>
          <reporter-output>
          </reporter-output>
        </test-method> <!-- handleTestMethodName -->
        <test-method status="PASS" signature="b_setFilterTest()[pri:0, instance:[LastYearOutputTest passed=0 failed=0 skipped=0]]" name="b_setFilterTest" duration-ms="17237" started-at="2019-10-13T22:44:02Z" finished-at="2019-10-13T22:44:19Z">
          <reporter-output>
          </reporter-output>
        </test-method> <!-- b_setFilterTest -->
        <test-method status="PASS" signature="logStop()[pri:0, instance:[LastYearOutputTest passed=0 failed=0 skipped=0]]" name="logStop" is-config="true" duration-ms="4" started-at="2019-10-13T22:44:19Z" finished-at="2019-10-13T22:44:19Z">
          <reporter-output>
          </reporter-output>
        </test-method> <!-- logStop -->
        <test-method status="PASS" signature="handleTestMethodName(java.lang.reflect.Method)[pri:0, instance:[LastYearOutputTest passed=0 failed=0 skipped=0]]" name="handleTestMethodName" is-config="true" duration-ms="12" started-at="2019-10-13T22:44:19Z" finished-at="2019-10-13T22:44:19Z">
          <params>
            <param index="0">
              <value>
                <![CDATA[public void tests.LastYearOutputTest.c_countryCheckTest() throws java.lang.Exception]]>
              </value>
            </param>
          </params>
          <reporter-output>
          </reporter-output>
        </test-method> <!-- handleTestMethodName -->
        <test-method status="PASS" signature="c_countryCheckTest()[pri:0, instance:[LastYearOutputTest passed=0 failed=0 skipped=0]]" name="c_countryCheckTest" duration-ms="2589" started-at="2019-10-13T22:44:19Z" finished-at="2019-10-13T22:44:22Z">
          <reporter-output>
          </reporter-output>
        </test-method> <!-- c_countryCheckTest -->
        <test-method status="PASS" signature="logStop()[pri:0, instance:[LastYearOutputTest passed=0 failed=0 skipped=0]]" name="logStop" is-config="true" duration-ms="3" started-at="2019-10-13T22:44:22Z" finished-at="2019-10-13T22:44:22Z">
          <reporter-output>
          </reporter-output>
        </test-method> <!-- logStop -->
        <test-method status="PASS" signature="handleTestMethodName(java.lang.reflect.Method)[pri:0, instance:[LastYearOutputTest passed=0 failed=0 skipped=0]]" name="handleTestMethodName" is-config="true" duration-ms="10" started-at="2019-10-13T22:44:22Z" finished-at="2019-10-13T22:44:22Z">
          <params>
            <param index="0">
              <value>
                <![CDATA[public void tests.LastYearOutputTest.d_LastYearOutputTest() throws java.lang.Exception]]>
              </value>
            </param>
          </params>
          <reporter-output>
          </reporter-output>
        </test-method> <!-- handleTestMethodName -->
        <test-method status="FAIL" signature="d_LastYearOutputTest()[pri:0, instance:[LastYearOutputTest passed=0 failed=0 skipped=0]]" name="d_LastYearOutputTest" duration-ms="16343" started-at="2019-10-13T22:44:22Z" finished-at="2019-10-13T22:44:38Z">
          <exception class="java.lang.AssertionError">
            <full-stacktrace>
              <![CDATA[java.lang.AssertionError
at tests.LastYearOutputTest.LastYearOutput(LastYearOutputTest.java:61)
at tests.LastYearOutputTest.d_LastYearOutputTest(LastYearOutputTest.java:39)
at sun.reflect.NativeMethodAccessorImpl.invoke0(Native Method)
at sun.reflect.NativeMethodAccessorImpl.invoke(NativeMethodAccessorImpl.java:62)
at sun.reflect.DelegatingMethodAccessorImpl.invoke(DelegatingMethodAccessorImpl.java:43)
at java.lang.reflect.Method.invoke(Method.java:498)
at org.testng.internal.MethodInvocationHelper.invokeMethod(MethodInvocationHelper.java:124)
at org.testng.internal.Invoker.invokeMethod(Invoker.java:583)
at org.testng.internal.Invoker.invokeTestMethod(Invoker.java:719)
at org.testng.internal.Invoker.invokeTestMethods(Invoker.java:989)
at org.testng.internal.TestMethodWorker.invokeTestMethods(TestMethodWorker.java:125)
at org.testng.internal.TestMethodWorker.run(TestMethodWorker.java:109)
at org.testng.TestRunner.privateRun(TestRunner.java:648)
at org.testng.TestRunner.run(TestRunner.java:505)
at org.testng.SuiteRunner.runTest(SuiteRunner.java:455)
at org.testng.SuiteRunner.runSequentially(SuiteRunner.java:450)
at org.testng.SuiteRunner.privateRun(SuiteRunner.java:415)
at org.testng.SuiteRunner.run(SuiteRunner.java:364)
at org.testng.SuiteRunnerWorker.runSuite(SuiteRunnerWorker.java:52)
at org.testng.SuiteRunnerWorker.run(SuiteRunnerWorker.java:84)
at org.testng.TestNG.runSuitesSequentially(TestNG.java:1208)
at org.testng.TestNG.runSuitesLocally(TestNG.java:1137)
at org.testng.TestNG.runSuites(TestNG.java:1049)
at org.testng.TestNG.run(TestNG.java:1017)
at org.apache.maven.surefire.testng.TestNGExecutor.run(TestNGExecutor.java:283)
at org.apache.maven.surefire.testng.TestNGXmlTestSuite.execute(TestNGXmlTestSuite.java:75)
at org.apache.maven.surefire.testng.TestNGProvider.invoke(TestNGProvider.java:120)
at org.apache.maven.surefire.booter.ForkedBooter.invokeProviderInSameClassLoader(ForkedBooter.java:386)
at org.apache.maven.surefire.booter.ForkedBooter.runSuitesInProcess(ForkedBooter.java:323)
at org.apache.maven.surefire.booter.ForkedBooter.main(ForkedBooter.java:143)
]]>
            </full-stacktrace>
          </exception> <!-- java.lang.AssertionError -->
          <reporter-output>
          </reporter-output>
        </test-method> <!-- d_LastYearOutputTest -->
        <test-method status="PASS" signature="logStop()[pri:0, instance:[LastYearOutputTest passed=0 failed=0 skipped=0]]" name="logStop" is-config="true" duration-ms="7" started-at="2019-10-13T22:44:40Z" finished-at="2019-10-13T22:44:40Z">
          <reporter-output>
          </reporter-output>
        </test-method> <!-- logStop -->
        <test-method status="PASS" signature="tearDown()[pri:0, instance:[LastYearOutputTest passed=0 failed=0 skipped=0]]" name="tearDown" is-config="true" duration-ms="2067" started-at="2019-10-13T22:44:40Z" finished-at="2019-10-13T22:44:42Z">
          <reporter-output>
          </reporter-output>
        </test-method> <!-- tearDown -->
      </class> <!-- tests.LastYearOutputTest -->
    </test> <!-- LastYearOutputTest -->
  </suite> <!-- suite -->
</testng-results>
